2023/06/28 23:10:00 [OUT]: {"location_id":"NSW1","currency":"AUD","price":98.6926}
2023/06/28 23:10:00 [OUT]: {"location_id":"QLD1","currency":"AUD","price":105.01}
2023/06/28 23:10:00 [OUT]: {"location_id":"SA1","currency":"AUD","price":298.44}
2023/06/28 23:10:00 [OUT]: {"location_id":"TAS1","currency":"AUD","price":76.28839}
2023/06/28 23:10:00 [OUT]: {"location_id":"VIC1","currency":"AUD","price":81.23355}
2023/06/28 23:10:10 [OUT]: {"location_id":"NSW1","currency":"AUD","price":98.6926}
2023/06/28 23:10:10 [OUT]: {"location_id":"QLD1","currency":"AUD","price":105.01}
2023/06/28 23:10:10 [OUT]: {"location_id":"SA1","currency":"AUD","price":298.44}
2023/06/28 23:10:10 [OUT]: {"location_id":"TAS1","currency":"AUD","price":76.28839}
2023/06/28 23:10:10 [OUT]: {"location_id":"VIC1","currency":"AUD","price":81.23355}
2023/06/28 23:10:20 [OUT]: {"location_id":"NSW1","currency":"AUD","price":98.6926}
2023/06/28 23:10:20 [OUT]: {"location_id":"QLD1","currency":"AUD","price":105.01}
2023/06/28 23:10:20 [OUT]: {"location_id":"SA1","currency":"AUD","price":298.44}
2023/06/28 23:10:20 [OUT]: {"location_id":"TAS1","currency":"AUD","price":76.28839}
2023/06/28 23:10:20 [OUT]: {"location_id":"VIC1","currency":"AUD","price":81.23355}
2023/06/28 23:10:30 [OUT]: {"location_id":"NSW1","currency":"AUD","price":98.6926}
2023/06/28 23:10:30 [OUT]: {"location_id":"QLD1","currency":"AUD","price":105.01}
2023/06/28 23:10:30 [OUT]: {"location_id":"SA1","currency":"AUD","price":298.44}
2023/06/28 23:10:30 [OUT]: {"location_id":"TAS1","currency":"AUD","price":76.28839}
2023/06/28 23:10:30 [OUT]: {"location_id":"VIC1","currency":"AUD","price":81.23355}
2023/06/28 23:10:40 [OUT]: {"location_id":"NSW1","currency":"AUD","price":90.37519}
2023/06/28 23:10:40 [OUT]: {"location_id":"QLD1","currency":"AUD","price":94.75}
2023/06/28 23:10:40 [OUT]: {"location_id":"SA1","currency":"AUD","price":298.44}
2023/06/28 23:10:40 [OUT]: {"location_id":"TAS1","currency":"AUD","price":70.64392}
2023/06/28 23:10:40 [OUT]: {"location_id":"VIC1","currency":"AUD","price":75.81137}
2023/06/28 23:10:50 [OUT]: {"location_id":"NSW1","currency":"AUD","price":90.37519}
2023/06/28 23:10:50 [OUT]: {"location_id":"QLD1","currency":"AUD","price":94.75}
2023/06/28 23:10:50 [OUT]: {"location_id":"SA1","currency":"AUD","price":298.44}
2023/06/28 23:10:50 [OUT]: {"location_id":"TAS1","currency":"AUD","price":70.64392}
2023/06/28 23:10:50 [OUT]: {"location_id":"VIC1","currency":"AUD","price":75.81137}
2023/06/28 23:11:00 [OUT]: {"location_id":"NSW1","currency":"AUD","price":90.37519}
2023/06/28 23:11:00 [OUT]: {"location_id":"QLD1","currency":"AUD","price":94.75}
2023/06/28 23:11:00 [OUT]: {"location_id":"SA1","currency":"AUD","price":298.44}
2023/06/28 23:11:00 [OUT]: {"location_id":"TAS1","currency":"AUD","price":70.64392}
2023/06/28 23:11:00 [OUT]: {"location_id":"VIC1","currency":"AUD","price":75.81137}
2023/06/28 23:11:10 [OUT]: {"location_id":"NSW1","currency":"AUD","price":90.37519}
2023/06/28 23:11:10 [OUT]: {"location_id":"QLD1","currency":"AUD","price":94.75}
2023/06/28 23:11:10 [OUT]: {"location_id":"SA1","currency":"AUD","price":298.44}
2023/06/28 23:11:10 [OUT]: {"location_id":"TAS1","currency":"AUD","price":70.64392}
2023/06/28 23:11:10 [OUT]: {"location_id":"VIC1","currency":"AUD","price":75.81137}
2023/06/28 23:11:20 [OUT]: {"location_id":"NSW1","currency":"AUD","price":90.37519}
2023/06/28 23:11:20 [OUT]: {"location_id":"QLD1","currency":"AUD","price":94.75}
2023/06/28 23:11:20 [OUT]: {"location_id":"SA1","currency":"AUD","price":298.44}
2023/06/28 23:11:20 [OUT]: {"location_id":"TAS1","currency":"AUD","price":70.64392}
2023/06/28 23:11:20 [OUT]: {"location_id":"VIC1","currency":"AUD","price":75.81137}
2023/06/28 23:11:30 [OUT]: {"location_id":"NSW1","currency":"AUD","price":90.37519}
2023/06/28 23:11:30 [OUT]: {"location_id":"QLD1","currency":"AUD","price":94.75}
2023/06/28 23:11:30 [OUT]: {"location_id":"SA1","currency":"AUD","price":298.44}
2023/06/28 23:11:30 [OUT]: {"location_id":"TAS1","currency":"AUD","price":70.64392}
2023/06/28 23:11:30 [OUT]: {"location_id":"VIC1","currency":"AUD","price":75.81137}
2023/06/28 23:11:40 [OUT]: {"location_id":"NSW1","currency":"AUD","price":90.37519}
2023/06/28 23:11:40 [OUT]: {"location_id":"QLD1","currency":"AUD","price":94.75}
2023/06/28 23:11:40 [OUT]: {"location_id":"SA1","currency":"AUD","price":298.44}
2023/06/28 23:11:40 [OUT]: {"location_id":"TAS1","currency":"AUD","price":70.64392}
2023/06/28 23:11:40 [OUT]: {"location_id":"VIC1","currency":"AUD","price":75.81137}
2023/06/28 23:11:50 [OUT]: {"location_id":"NSW1","currency":"AUD","price":90.37519}
2023/06/28 23:11:50 [OUT]: {"location_id":"QLD1","currency":"AUD","price":94.75}
2023/06/28 23:11:50 [OUT]: {"location_id":"SA1","currency":"AUD","price":298.44}
2023/06/28 23:11:50 [OUT]: {"location_id":"TAS1","currency":"AUD","price":70.64392}
2023/06/28 23:11:50 [OUT]: {"location_id":"VIC1","currency":"AUD","price":75.81137}
2023/06/28 23:12:00 [OUT]: {"location_id":"NSW1","currency":"AUD","price":90.37519}
2023/06/28 23:12:00 [OUT]: {"location_id":"QLD1","currency":"AUD","price":94.75}
2023/06/28 23:12:00 [OUT]: {"location_id":"SA1","currency":"AUD","price":298.44}
2023/06/28 23:12:00 [OUT]: {"location_id":"TAS1","currency":"AUD","price":70.64392}
2023/06/28 23:12:00 [OUT]: {"location_id":"VIC1","currency":"AUD","price":75.81137}
2023/06/28 23:12:10 [OUT]: {"location_id":"NSW1","currency":"AUD","price":90.37519}
2023/06/28 23:12:10 [OUT]: {"location_id":"QLD1","currency":"AUD","price":94.75}
2023/06/28 23:12:10 [OUT]: {"location_id":"SA1","currency":"AUD","price":298.44}
2023/06/28 23:12:10 [OUT]: {"location_id":"TAS1","currency":"AUD","price":70.64392}
2023/06/28 23:12:10 [OUT]: {"location_id":"VIC1","currency":"AUD","price":75.81137}
2023/06/28 23:12:20 [OUT]: {"location_id":"NSW1","currency":"AUD","price":90.37519}
2023/06/28 23:12:20 [OUT]: {"location_id":"QLD1","currency":"AUD","price":94.75}
2023/06/28 23:12:20 [OUT]: {"location_id":"SA1","currency":"AUD","price":298.44}
2023/06/28 23:12:20 [OUT]: {"location_id":"TAS1","currency":"AUD","price":70.64392}
2023/06/28 23:12:20 [OUT]: {"location_id":"VIC1","currency":"AUD","price":75.81137}
2023/06/28 23:12:30 [OUT]: {"location_id":"NSW1","currency":"AUD","price":90.37519}
2023/06/28 23:12:30 [OUT]: {"location_id":"QLD1","currency":"AUD","price":94.75}
2023/06/28 23:12:30 [OUT]: {"location_id":"SA1","currency":"AUD","price":298.44}
2023/06/28 23:12:30 [OUT]: {"location_id":"TAS1","currency":"AUD","price":70.64392}
2023/06/28 23:12:30 [OUT]: {"location_id":"VIC1","currency":"AUD","price":75.81137}
2023/06/28 23:12:40 [OUT]: {"location_id":"NSW1","currency":"AUD","price":90.37519}
2023/06/28 23:12:40 [OUT]: {"location_id":"QLD1","currency":"AUD","price":94.75}
2023/06/28 23:12:40 [OUT]: {"location_id":"SA1","currency":"AUD","price":298.44}
2023/06/28 23:12:40 [OUT]: {"location_id":"TAS1","currency":"AUD","price":70.64392}
2023/06/28 23:12:40 [OUT]: {"location_id":"VIC1","currency":"AUD","price":75.81137}
2023/06/28 23:12:50 [OUT]: {"location_id":"NSW1","currency":"AUD","price":90.37519}
2023/06/28 23:12:50 [OUT]: {"location_id":"QLD1","currency":"AUD","price":94.75}
2023/06/28 23:12:50 [OUT]: {"location_id":"SA1","currency":"AUD","price":298.44}
2023/06/28 23:12:50 [OUT]: {"location_id":"TAS1","currency":"AUD","price":70.64392}
2023/06/28 23:12:50 [OUT]: {"location_id":"VIC1","currency":"AUD","price":75.81137}
2023/06/28 23:13:00 [OUT]: {"location_id":"NSW1","currency":"AUD","price":90.37519}
2023/06/28 23:13:00 [OUT]: {"location_id":"QLD1","currency":"AUD","price":94.75}
2023/06/28 23:13:00 [OUT]: {"location_id":"SA1","currency":"AUD","price":298.44}
2023/06/28 23:13:00 [OUT]: {"location_id":"TAS1","currency":"AUD","price":70.64392}
2023/06/28 23:13:00 [OUT]: {"location_id":"VIC1","currency":"AUD","price":75.81137}
2023/06/28 23:13:10 [OUT]: {"location_id":"NSW1","currency":"AUD","price":90.37519}
2023/06/28 23:13:10 [OUT]: {"location_id":"QLD1","currency":"AUD","price":94.75}
2023/06/28 23:13:10 [OUT]: {"location_id":"SA1","currency":"AUD","price":298.44}
2023/06/28 23:13:10 [OUT]: {"location_id":"TAS1","currency":"AUD","price":70.64392}
2023/06/28 23:13:10 [OUT]: {"location_id":"VIC1","currency":"AUD","price":75.81137}
2023/06/28 23:13:20 [OUT]: {"location_id":"NSW1","currency":"AUD","price":90.37519}
2023/06/28 23:13:20 [OUT]: {"location_id":"QLD1","currency":"AUD","price":94.75}
2023/06/28 23:13:20 [OUT]: {"location_id":"SA1","currency":"AUD","price":298.44}
2023/06/28 23:13:20 [OUT]: {"location_id":"TAS1","currency":"AUD","price":70.64392}
2023/06/28 23:13:20 [OUT]: {"location_id":"VIC1","currency":"AUD","price":75.81137}
2023/06/28 23:13:30 [OUT]: {"location_id":"NSW1","currency":"AUD","price":90.37519}
2023/06/28 23:13:30 [OUT]: {"location_id":"QLD1","currency":"AUD","price":94.75}
2023/06/28 23:13:30 [OUT]: {"location_id":"SA1","currency":"AUD","price":298.44}
2023/06/28 23:13:30 [OUT]: {"location_id":"TAS1","currency":"AUD","price":70.64392}
2023/06/28 23:13:30 [OUT]: {"location_id":"VIC1","currency":"AUD","price":75.81137}
2023/06/28 23:13:40 [OUT]: {"location_id":"NSW1","currency":"AUD","price":90.37519}
2023/06/28 23:13:40 [OUT]: {"location_id":"QLD1","currency":"AUD","price":94.75}
2023/06/28 23:13:40 [OUT]: {"location_id":"SA1","currency":"AUD","price":298.44}
2023/06/28 23:13:40 [OUT]: {"location_id":"TAS1","currency":"AUD","price":70.64392}
2023/06/28 23:13:40 [OUT]: {"location_id":"VIC1","currency":"AUD","price":75.81137}
2023/06/28 23:13:50 [OUT]: {"location_id":"NSW1","currency":"AUD","price":90.37519}
2023/06/28 23:13:50 [OUT]: {"location_id":"QLD1","currency":"AUD","price":94.75}
2023/06/28 23:13:50 [OUT]: {"location_id":"SA1","currency":"AUD","price":298.44}
2023/06/28 23:13:50 [OUT]: {"location_id":"TAS1","currency":"AUD","price":70.64392}
2023/06/28 23:13:50 [OUT]: {"location_id":"VIC1","currency":"AUD","price":75.81137}
2023/06/28 23:14:00 [OUT]: {"location_id":"NSW1","currency":"AUD","price":90.37519}
2023/06/28 23:14:00 [OUT]: {"location_id":"QLD1","currency":"AUD","price":94.75}
2023/06/28 23:14:00 [OUT]: {"location_id":"SA1","currency":"AUD","price":298.44}
2023/06/28 23:14:00 [OUT]: {"location_id":"TAS1","currency":"AUD","price":70.64392}
2023/06/28 23:14:00 [OUT]: {"location_id":"VIC1","currency":"AUD","price":75.81137}
2023/06/28 23:14:10 [OUT]: {"location_id":"NSW1","currency":"AUD","price":90.37519}
2023/06/28 23:14:10 [OUT]: {"location_id":"QLD1","currency":"AUD","price":94.75}
2023/06/28 23:14:10 [OUT]: {"location_id":"SA1","currency":"AUD","price":298.44}
2023/06/28 23:14:10 [OUT]: {"location_id":"TAS1","currency":"AUD","price":70.64392}
2023/06/28 23:14:10 [OUT]: {"location_id":"VIC1","currency":"AUD","price":75.81137}
2023/06/28 23:14:20 [OUT]: {"location_id":"NSW1","currency":"AUD","price":90.37519}
2023/06/28 23:14:20 [OUT]: {"location_id":"QLD1","currency":"AUD","price":94.75}
2023/06/28 23:14:20 [OUT]: {"location_id":"SA1","currency":"AUD","price":298.44}
2023/06/28 23:14:20 [OUT]: {"location_id":"TAS1","currency":"AUD","price":70.64392}
2023/06/28 23:14:20 [OUT]: {"location_id":"VIC1","currency":"AUD","price":75.81137}
2023/06/28 23:14:30 [OUT]: {"location_id":"NSW1","currency":"AUD","price":90.37519}
2023/06/28 23:14:30 [OUT]: {"location_id":"QLD1","currency":"AUD","price":94.75}
2023/06/28 23:14:30 [OUT]: {"location_id":"SA1","currency":"AUD","price":298.44}
2023/06/28 23:14:30 [OUT]: {"location_id":"TAS1","currency":"AUD","price":70.64392}
2023/06/28 23:14:30 [OUT]: {"location_id":"VIC1","currency":"AUD","price":75.81137}
2023/06/28 23:14:40 [OUT]: {"location_id":"NSW1","currency":"AUD","price":90.37519}
2023/06/28 23:14:40 [OUT]: {"location_id":"QLD1","currency":"AUD","price":94.75}
2023/06/28 23:14:40 [OUT]: {"location_id":"SA1","currency":"AUD","price":298.44}
2023/06/28 23:14:40 [OUT]: {"location_id":"TAS1","currency":"AUD","price":70.64392}
2023/06/28 23:14:40 [OUT]: {"location_id":"VIC1","currency":"AUD","price":75.81137}
2023/06/28 23:14:50 [OUT]: {"location_id":"NSW1","currency":"AUD","price":90.37519}
2023/06/28 23:14:50 [OUT]: {"location_id":"QLD1","currency":"AUD","price":94.75}
2023/06/28 23:14:50 [OUT]: {"location_id":"SA1","currency":"AUD","price":298.44}
2023/06/28 23:14:50 [OUT]: {"location_id":"TAS1","currency":"AUD","price":70.64392}
2023/06/28 23:14:50 [OUT]: {"location_id":"VIC1","currency":"AUD","price":75.81137}
2023/06/28 23:15:00 [OUT]: {"location_id":"NSW1","currency":"AUD","price":90.37519}
2023/06/28 23:15:00 [OUT]: {"location_id":"QLD1","currency":"AUD","price":94.75}
2023/06/28 23:15:00 [OUT]: {"location_id":"SA1","currency":"AUD","price":298.44}
2023/06/28 23:15:00 [OUT]: {"location_id":"TAS1","currency":"AUD","price":70.64392}
2023/06/28 23:15:00 [OUT]: {"location_id":"VIC1","currency":"AUD","price":75.81137}
2023/06/28 23:15:10 [OUT]: {"location_id":"NSW1","currency":"AUD","price":90.37519}
2023/06/28 23:15:10 [OUT]: {"location_id":"QLD1","currency":"AUD","price":94.75}
2023/06/28 23:15:10 [OUT]: {"location_id":"SA1","currency":"AUD","price":298.44}
2023/06/28 23:15:10 [OUT]: {"location_id":"TAS1","currency":"AUD","price":70.64392}
2023/06/28 23:15:10 [OUT]: {"location_id":"VIC1","currency":"AUD","price":75.81137}
2023/06/28 23:15:20 [OUT]: {"location_id":"NSW1","currency":"AUD","price":90.37519}
2023/06/28 23:15:20 [OUT]: {"location_id":"QLD1","currency":"AUD","price":94.75}
2023/06/28 23:15:20 [OUT]: {"location_id":"SA1","currency":"AUD","price":298.44}
2023/06/28 23:15:20 [OUT]: {"location_id":"TAS1","currency":"AUD","price":70.64392}
2023/06/28 23:15:20 [OUT]: {"location_id":"VIC1","currency":"AUD","price":75.81137}
2023/06/28 23:15:30 [OUT]: {"location_id":"NSW1","currency":"AUD","price":90.37519}
2023/06/28 23:15:30 [OUT]: {"location_id":"QLD1","currency":"AUD","price":94.75}
2023/06/28 23:15:30 [OUT]: {"location_id":"SA1","currency":"AUD","price":298.44}
2023/06/28 23:15:30 [OUT]: {"location_id":"TAS1","currency":"AUD","price":70.64392}
2023/06/28 23:15:30 [OUT]: {"location_id":"VIC1","currency":"AUD","price":75.81137}
2023/06/28 23:15:40 [OUT]: {"location_id":"NSW1","currency":"AUD","price":90.37519}
2023/06/28 23:15:40 [OUT]: {"location_id":"QLD1","currency":"AUD","price":94.75}
2023/06/28 23:15:40 [OUT]: {"location_id":"SA1","currency":"AUD","price":298.44}
2023/06/28 23:15:40 [OUT]: {"location_id":"TAS1","currency":"AUD","price":70.64392}
2023/06/28 23:15:40 [OUT]: {"location_id":"VIC1","currency":"AUD","price":75.81137}
2023/06/28 23:15:50 [OUT]: {"location_id":"NSW1","currency":"AUD","price":89}
2023/06/28 23:15:50 [OUT]: {"location_id":"QLD1","currency":"AUD","price":93.26099}
2023/06/28 23:15:50 [OUT]: {"location_id":"SA1","currency":"AUD","price":232.41}
2023/06/28 23:15:50 [OUT]: {"location_id":"TAS1","currency":"AUD","price":68.7962}
2023/06/28 23:15:50 [OUT]: {"location_id":"VIC1","currency":"AUD","price":73.82877}
2023/06/28 23:16:00 [OUT]: {"location_id":"NSW1","currency":"AUD","price":89}
2023/06/28 23:16:00 [OUT]: {"location_id":"QLD1","currency":"AUD","price":93.26099}
2023/06/28 23:16:00 [OUT]: {"location_id":"SA1","currency":"AUD","price":232.41}
2023/06/28 23:16:00 [OUT]: {"location_id":"TAS1","currency":"AUD","price":68.7962}
2023/06/28 23:16:00 [OUT]: {"location_id":"VIC1","currency":"AUD","price":73.82877}
2023/06/28 23:16:10 [OUT]: {"location_id":"NSW1","currency":"AUD","price":89}
2023/06/28 23:16:10 [OUT]: {"location_id":"QLD1","currency":"AUD","price":93.26099}
2023/06/28 23:16:10 [OUT]: {"location_id":"SA1","currency":"AUD","price":232.41}
2023/06/28 23:16:10 [OUT]: {"location_id":"TAS1","currency":"AUD","price":68.7962}
2023/06/28 23:16:10 [OUT]: {"location_id":"VIC1","currency":"AUD","price":73.82877}
2023/06/28 23:16:20 [OUT]: {"location_id":"NSW1","currency":"AUD","price":89}
2023/06/28 23:16:20 [OUT]: {"location_id":"QLD1","currency":"AUD","price":93.26099}
2023/06/28 23:16:20 [OUT]: {"location_id":"SA1","currency":"AUD","price":232.41}
2023/06/28 23:16:20 [OUT]: {"location_id":"TAS1","currency":"AUD","price":68.7962}
2023/06/28 23:16:20 [OUT]: {"location_id":"VIC1","currency":"AUD","price":73.82877}
2023/06/28 23:16:30 [OUT]: {"location_id":"NSW1","currency":"AUD","price":89}
2023/06/28 23:16:30 [OUT]: {"location_id":"QLD1","currency":"AUD","price":93.26099}
2023/06/28 23:16:30 [OUT]: {"location_id":"SA1","currency":"AUD","price":232.41}
2023/06/28 23:16:30 [OUT]: {"location_id":"TAS1","currency":"AUD","price":68.7962}
2023/06/28 23:16:30 [OUT]: {"location_id":"VIC1","currency":"AUD","price":73.82877}
2023/06/28 23:16:40 [OUT]: {"location_id":"NSW1","currency":"AUD","price":89}
2023/06/28 23:16:40 [OUT]: {"location_id":"QLD1","currency":"AUD","price":93.26099}
2023/06/28 23:16:40 [OUT]: {"location_id":"SA1","currency":"AUD","price":232.41}
2023/06/28 23:16:40 [OUT]: {"location_id":"TAS1","currency":"AUD","price":68.7962}
2023/06/28 23:16:40 [OUT]: {"location_id":"VIC1","currency":"AUD","price":73.82877}
2023/06/28 23:16:50 [OUT]: {"location_id":"NSW1","currency":"AUD","price":89}
2023/06/28 23:16:50 [OUT]: {"location_id":"QLD1","currency":"AUD","price":93.26099}
2023/06/28 23:16:50 [OUT]: {"location_id":"SA1","currency":"AUD","price":232.41}
2023/06/28 23:16:50 [OUT]: {"location_id":"TAS1","currency":"AUD","price":68.7962}
2023/06/28 23:16:50 [OUT]: {"location_id":"VIC1","currency":"AUD","price":73.82877}
2023/06/28 23:17:00 [OUT]: {"location_id":"NSW1","currency":"AUD","price":89}
2023/06/28 23:17:00 [OUT]: {"location_id":"QLD1","currency":"AUD","price":93.26099}
2023/06/28 23:17:00 [OUT]: {"location_id":"SA1","currency":"AUD","price":232.41}
2023/06/28 23:17:00 [OUT]: {"location_id":"TAS1","currency":"AUD","price":68.7962}
2023/06/28 23:17:00 [OUT]: {"location_id":"VIC1","currency":"AUD","price":73.82877}
2023/06/28 23:17:10 [OUT]: {"location_id":"NSW1","currency":"AUD","price":89}
2023/06/28 23:17:10 [OUT]: {"location_id":"QLD1","currency":"AUD","price":93.26099}
2023/06/28 23:17:10 [OUT]: {"location_id":"SA1","currency":"AUD","price":232.41}
2023/06/28 23:17:10 [OUT]: {"location_id":"TAS1","currency":"AUD","price":68.7962}
2023/06/28 23:17:10 [OUT]: {"location_id":"VIC1","currency":"AUD","price":73.82877}
2023/06/28 23:17:20 [OUT]: {"location_id":"NSW1","currency":"AUD","price":89}
2023/06/28 23:17:20 [OUT]: {"location_id":"QLD1","currency":"AUD","price":93.26099}
2023/06/28 23:17:20 [OUT]: {"location_id":"SA1","currency":"AUD","price":232.41}
2023/06/28 23:17:20 [OUT]: {"location_id":"TAS1","currency":"AUD","price":68.7962}
2023/06/28 23:17:20 [OUT]: {"location_id":"VIC1","currency":"AUD","price":73.82877}
2023/06/28 23:17:30 [OUT]: {"location_id":"NSW1","currency":"AUD","price":89}
2023/06/28 23:17:30 [OUT]: {"location_id":"QLD1","currency":"AUD","price":93.26099}
2023/06/28 23:17:30 [OUT]: {"location_id":"SA1","currency":"AUD","price":232.41}
2023/06/28 23:17:30 [OUT]: {"location_id":"TAS1","currency":"AUD","price":68.7962}
2023/06/28 23:17:30 [OUT]: {"location_id":"VIC1","currency":"AUD","price":73.82877}
2023/06/28 23:17:40 [OUT]: {"location_id":"NSW1","currency":"AUD","price":89}
2023/06/28 23:17:40 [OUT]: {"location_id":"QLD1","currency":"AUD","price":93.26099}
2023/06/28 23:17:40 [OUT]: {"location_id":"SA1","currency":"AUD","price":232.41}
2023/06/28 23:17:40 [OUT]: {"location_id":"TAS1","currency":"AUD","price":68.7962}
2023/06/28 23:17:40 [OUT]: {"location_id":"VIC1","currency":"AUD","price":73.82877}
2023/06/28 23:17:50 [OUT]: {"location_id":"NSW1","currency":"AUD","price":89}
2023/06/28 23:17:50 [OUT]: {"location_id":"QLD1","currency":"AUD","price":93.26099}
2023/06/28 23:17:50 [OUT]: {"location_id":"SA1","currency":"AUD","price":232.41}
2023/06/28 23:17:50 [OUT]: {"location_id":"TAS1","currency":"AUD","price":68.7962}
2023/06/28 23:17:50 [OUT]: {"location_id":"VIC1","currency":"AUD","price":73.82877}
2023/06/28 23:18:00 [OUT]: {"location_id":"NSW1","currency":"AUD","price":89}
2023/06/28 23:18:00 [OUT]: {"location_id":"QLD1","currency":"AUD","price":93.26099}
2023/06/28 23:18:00 [OUT]: {"location_id":"SA1","currency":"AUD","price":232.41}
2023/06/28 23:18:00 [OUT]: {"location_id":"TAS1","currency":"AUD","price":68.7962}
2023/06/28 23:18:00 [OUT]: {"location_id":"VIC1","currency":"AUD","price":73.82877}
2023/06/28 23:18:10 [OUT]: {"location_id":"NSW1","currency":"AUD","price":89}
2023/06/28 23:18:10 [OUT]: {"location_id":"QLD1","currency":"AUD","price":93.26099}
2023/06/28 23:18:10 [OUT]: {"location_id":"SA1","currency":"AUD","price":232.41}
2023/06/28 23:18:10 [OUT]: {"location_id":"TAS1","currency":"AUD","price":68.7962}
2023/06/28 23:18:10 [OUT]: {"location_id":"VIC1","currency":"AUD","price":73.82877}
2023/06/28 23:18:20 [OUT]: {"location_id":"NSW1","currency":"AUD","price":89}
2023/06/28 23:18:20 [OUT]: {"location_id":"QLD1","currency":"AUD","price":93.26099}
2023/06/28 23:18:20 [OUT]: {"location_id":"SA1","currency":"AUD","price":232.41}
2023/06/28 23:18:20 [OUT]: {"location_id":"TAS1","currency":"AUD","price":68.7962}
2023/06/28 23:18:20 [OUT]: {"location_id":"VIC1","currency":"AUD","price":73.82877}
2023/06/28 23:18:30 [OUT]: {"location_id":"NSW1","currency":"AUD","price":89}
2023/06/28 23:18:30 [OUT]: {"location_id":"QLD1","currency":"AUD","price":93.26099}
2023/06/28 23:18:30 [OUT]: {"location_id":"SA1","currency":"AUD","price":232.41}
2023/06/28 23:18:30 [OUT]: {"location_id":"TAS1","currency":"AUD","price":68.7962}
2023/06/28 23:18:30 [OUT]: {"location_id":"VIC1","currency":"AUD","price":73.82877}
2023/06/28 23:18:40 [OUT]: {"location_id":"NSW1","currency":"AUD","price":89}
2023/06/28 23:18:40 [OUT]: {"location_id":"QLD1","currency":"AUD","price":93.26099}
2023/06/28 23:18:40 [OUT]: {"location_id":"SA1","currency":"AUD","price":232.41}
2023/06/28 23:18:40 [OUT]: {"location_id":"TAS1","currency":"AUD","price":68.7962}
2023/06/28 23:18:40 [OUT]: {"location_id":"VIC1","currency":"AUD","price":73.82877}
2023/06/28 23:18:50 [OUT]: {"location_id":"NSW1","currency":"AUD","price":89}
2023/06/28 23:18:50 [OUT]: {"location_id":"QLD1","currency":"AUD","price":93.26099}
2023/06/28 23:18:50 [OUT]: {"location_id":"SA1","currency":"AUD","price":232.41}
2023/06/28 23:18:50 [OUT]: {"location_id":"TAS1","currency":"AUD","price":68.7962}
2023/06/28 23:18:50 [OUT]: {"location_id":"VIC1","currency":"AUD","price":73.82877}
2023/06/28 23:19:00 [OUT]: {"location_id":"NSW1","currency":"AUD","price":89}
2023/06/28 23:19:00 [OUT]: {"location_id":"QLD1","currency":"AUD","price":93.26099}
2023/06/28 23:19:00 [OUT]: {"location_id":"SA1","currency":"AUD","price":232.41}
2023/06/28 23:19:00 [OUT]: {"location_id":"TAS1","currency":"AUD","price":68.7962}
2023/06/28 23:19:00 [OUT]: {"location_id":"VIC1","currency":"AUD","price":73.82877}
2023/06/28 23:19:10 [OUT]: {"location_id":"NSW1","currency":"AUD","price":89}
2023/06/28 23:19:10 [OUT]: {"location_id":"QLD1","currency":"AUD","price":93.26099}
2023/06/28 23:19:10 [OUT]: {"location_id":"SA1","currency":"AUD","price":232.41}
2023/06/28 23:19:10 [OUT]: {"location_id":"TAS1","currency":"AUD","price":68.7962}
2023/06/28 23:19:10 [OUT]: {"location_id":"VIC1","currency":"AUD","price":73.82877}
2023/06/28 23:19:20 [OUT]: {"location_id":"NSW1","currency":"AUD","price":89}
2023/06/28 23:19:20 [OUT]: {"location_id":"QLD1","currency":"AUD","price":93.26099}
2023/06/28 23:19:20 [OUT]: {"location_id":"SA1","currency":"AUD","price":232.41}
2023/06/28 23:19:20 [OUT]: {"location_id":"TAS1","currency":"AUD","price":68.7962}
2023/06/28 23:19:20 [OUT]: {"location_id":"VIC1","currency":"AUD","price":73.82877}
2023/06/28 23:19:30 [OUT]: {"location_id":"NSW1","currency":"AUD","price":89}
2023/06/28 23:19:30 [OUT]: {"location_id":"QLD1","currency":"AUD","price":93.26099}
2023/06/28 23:19:30 [OUT]: {"location_id":"SA1","currency":"AUD","price":232.41}
2023/06/28 23:19:30 [OUT]: {"location_id":"TAS1","currency":"AUD","price":68.7962}
2023/06/28 23:19:30 [OUT]: {"location_id":"VIC1","currency":"AUD","price":73.82877}
2023/06/28 23:19:40 [OUT]: {"location_id":"NSW1","currency":"AUD","price":89}
2023/06/28 23:19:40 [OUT]: {"location_id":"QLD1","currency":"AUD","price":93.26099}
2023/06/28 23:19:40 [OUT]: {"location_id":"SA1","currency":"AUD","price":232.41}
2023/06/28 23:19:40 [OUT]: {"location_id":"TAS1","currency":"AUD","price":68.7962}
2023/06/28 23:19:40 [OUT]: {"location_id":"VIC1","currency":"AUD","price":73.82877}
2023/06/28 23:19:50 [OUT]: {"location_id":"NSW1","currency":"AUD","price":89}
2023/06/28 23:19:50 [OUT]: {"location_id":"QLD1","currency":"AUD","price":93.26099}
2023/06/28 23:19:50 [OUT]: {"location_id":"SA1","currency":"AUD","price":232.41}
2023/06/28 23:19:50 [OUT]: {"location_id":"TAS1","currency":"AUD","price":68.7962}
2023/06/28 23:19:50 [OUT]: {"location_id":"VIC1","currency":"AUD","price":73.82877}
2023/06/28 23:20:00 [OUT]: {"location_id":"NSW1","currency":"AUD","price":89}
2023/06/28 23:20:00 [OUT]: {"location_id":"QLD1","currency":"AUD","price":93.26099}
2023/06/28 23:20:00 [OUT]: {"location_id":"SA1","currency":"AUD","price":232.41}
2023/06/28 23:20:00 [OUT]: {"location_id":"TAS1","currency":"AUD","price":68.7962}
2023/06/28 23:20:00 [OUT]: {"location_id":"VIC1","currency":"AUD","price":73.82877}
2023/06/28 23:20:10 [OUT]: {"location_id":"NSW1","currency":"AUD","price":89}
2023/06/28 23:20:10 [OUT]: {"location_id":"QLD1","currency":"AUD","price":93.26099}
2023/06/28 23:20:10 [OUT]: {"location_id":"SA1","currency":"AUD","price":232.41}
2023/06/28 23:20:10 [OUT]: {"location_id":"TAS1","currency":"AUD","price":68.7962}
2023/06/28 23:20:10 [OUT]: {"location_id":"VIC1","currency":"AUD","price":73.82877}
2023/06/28 23:20:20 [OUT]: {"location_id":"NSW1","currency":"AUD","price":79.51192}
2023/06/28 23:20:20 [OUT]: {"location_id":"QLD1","currency":"AUD","price":82.6741}
2023/06/28 23:20:20 [OUT]: {"location_id":"SA1","currency":"AUD","price":175.99}
2023/06/28 23:20:20 [OUT]: {"location_id":"TAS1","currency":"AUD","price":60.02477}
2023/06/28 23:20:20 [OUT]: {"location_id":"VIC1","currency":"AUD","price":64.76}
2023/06/28 23:20:30 [OUT]: {"location_id":"NSW1","currency":"AUD","price":79.51192}
2023/06/28 23:20:30 [OUT]: {"location_id":"QLD1","currency":"AUD","price":82.6741}
2023/06/28 23:20:30 [OUT]: {"location_id":"SA1","currency":"AUD","price":175.99}
2023/06/28 23:20:30 [OUT]: {"location_id":"TAS1","currency":"AUD","price":60.02477}
2023/06/28 23:20:30 [OUT]: {"location_id":"VIC1","currency":"AUD","price":64.76}
2023/06/28 23:20:40 [OUT]: {"location_id":"NSW1","currency":"AUD","price":79.51192}
2023/06/28 23:20:40 [OUT]: {"location_id":"QLD1","currency":"AUD","price":82.6741}
2023/06/28 23:20:40 [OUT]: {"location_id":"SA1","currency":"AUD","price":175.99}
2023/06/28 23:20:40 [OUT]: {"location_id":"TAS1","currency":"AUD","price":60.02477}
2023/06/28 23:20:40 [OUT]: {"location_id":"VIC1","currency":"AUD","price":64.76}
2023/06/28 23:20:50 [OUT]: {"location_id":"NSW1","currency":"AUD","price":79.51192}
2023/06/28 23:20:50 [OUT]: {"location_id":"QLD1","currency":"AUD","price":82.6741}
2023/06/28 23:20:50 [OUT]: {"location_id":"SA1","currency":"AUD","price":175.99}
2023/06/28 23:20:50 [OUT]: {"location_id":"TAS1","currency":"AUD","price":60.02477}
2023/06/28 23:20:50 [OUT]: {"location_id":"VIC1","currency":"AUD","price":64.76}
2023/06/28 23:21:00 [OUT]: {"location_id":"NSW1","currency":"AUD","price":79.51192}
2023/06/28 23:21:00 [OUT]: {"location_id":"QLD1","currency":"AUD","price":82.6741}
2023/06/28 23:21:00 [OUT]: {"location_id":"SA1","currency":"AUD","price":175.99}
2023/06/28 23:21:00 [OUT]: {"location_id":"TAS1","currency":"AUD","price":60.02477}
2023/06/28 23:21:00 [OUT]: {"location_id":"VIC1","currency":"AUD","price":64.76}
2023/06/28 23:21:10 [OUT]: {"location_id":"NSW1","currency":"AUD","price":79.51192}
2023/06/28 23:21:10 [OUT]: {"location_id":"QLD1","currency":"AUD","price":82.6741}
2023/06/28 23:21:10 [OUT]: {"location_id":"SA1","currency":"AUD","price":175.99}
2023/06/28 23:21:10 [OUT]: {"location_id":"TAS1","currency":"AUD","price":60.02477}
2023/06/28 23:21:10 [OUT]: {"location_id":"VIC1","currency":"AUD","price":64.76}
2023/06/28 23:21:20 [OUT]: {"location_id":"NSW1","currency":"AUD","price":79.51192}
2023/06/28 23:21:20 [OUT]: {"location_id":"QLD1","currency":"AUD","price":82.6741}
2023/06/28 23:21:20 [OUT]: {"location_id":"SA1","currency":"AUD","price":175.99}
2023/06/28 23:21:20 [OUT]: {"location_id":"TAS1","currency":"AUD","price":60.02477}
2023/06/28 23:21:20 [OUT]: {"location_id":"VIC1","currency":"AUD","price":64.76}
2023/06/28 23:21:30 [OUT]: {"location_id":"NSW1","currency":"AUD","price":79.51192}
2023/06/28 23:21:30 [OUT]: {"location_id":"QLD1","currency":"AUD","price":82.6741}
2023/06/28 23:21:30 [OUT]: {"location_id":"SA1","currency":"AUD","price":175.99}
2023/06/28 23:21:30 [OUT]: {"location_id":"TAS1","currency":"AUD","price":60.02477}
2023/06/28 23:21:30 [OUT]: {"location_id":"VIC1","currency":"AUD","price":64.76}
